[debug] [2021-06-08T13:31:43.106Z] ----------------------------------------------------------------------
[debug] [2021-06-08T13:31:43.107Z] Command:       C:\Program Files\nodejs\node.exe C:\Users\GIRISH\AppData\Roaming\npm\node_modules\firebase-tools\lib\bin\firebase.js emulators:start
[debug] [2021-06-08T13:31:43.108Z] CLI Version:   9.12.1
[debug] [2021-06-08T13:31:43.108Z] Platform:      win32
[debug] [2021-06-08T13:31:43.108Z] Node Version:  v14.16.1
[debug] [2021-06-08T13:31:43.109Z] Time:          Tue Jun 08 2021 19:01:43 GMT+0530 (India Standard Time)
[debug] [2021-06-08T13:31:43.109Z] ----------------------------------------------------------------------
[debug] 
[debug] [2021-06-08T13:31:43.117Z] > command requires scopes: ["email","openid","https://www.googleapis.com/auth/cloudplatformprojects.readonly","https://www.googleapis.com/auth/firebase","https://www.googleapis.com/auth/cloud-platform"]
[debug] [2021-06-08T13:31:43.117Z] > authorizing via signed-in user (ani.dhameja@gmail.com)
[info] i  emulators: Starting emulators: functions, hosting {"metadata":{"emulator":{"name":"hub"},"message":"Starting emulators: functions, hosting"}}
[debug] [2021-06-08T13:31:43.168Z] [hub] writing locator at C:\Users\GIRISH\AppData\Local\Temp\hub-clone2-f0a7a.json
[warn] !  functions: The following emulators are not running, calls to these services from the Functions emulator will affect production: auth, firestore, database, pubsub, storage {"metadata":{"emulator":{"name":"functions"},"message":"The following emulators are not running, calls to these services from the Functions emulator will affect production: \u001b[1mauth, firestore, database, pubsub, storage\u001b[22m"}}
[info] +  functions: Using node@14 from host. {"metadata":{"emulator":{"name":"functions"},"message":"Using node@14 from host."}}
[debug] [2021-06-08T13:31:43.214Z] defaultcredentials: writing to file C:\Users\GIRISH\AppData\Roaming\firebase\ani_dhameja_gmail.com_application_default_credentials.json
[debug] [2021-06-08T13:31:43.216Z] Setting GAC to C:\Users\GIRISH\AppData\Roaming\firebase\ani_dhameja_gmail.com_application_default_credentials.json {"metadata":{"emulator":{"name":"functions"},"message":"Setting GAC to C:\\Users\\GIRISH\\AppData\\Roaming\\firebase\\ani_dhameja_gmail.com_application_default_credentials.json"}}
[debug] [2021-06-08T13:31:43.219Z] > refreshing access token with scopes: []
[debug] [2021-06-08T13:31:43.220Z] >>> HTTP REQUEST POST https://www.googleapis.com/oauth2/v3/token  
 <request body omitted>
[debug] [2021-06-08T13:31:43.400Z] <<< HTTP RESPONSE 200 {"expires":"Mon, 01 Jan 1990 00:00:00 GMT","pragma":"no-cache","date":"Tue, 08 Jun 2021 13:32:20 GMT","cache-control":"no-cache, no-store, max-age=0, must-revalidate","content-type":"application/json; charset=utf-8","vary":"X-Origin, Referer, Origin,Accept-Encoding","server":"scaffolding on HTTPServer2","x-xss-protection":"0","x-frame-options":"SAMEORIGIN","x-content-type-options":"nosniff","alt-svc":"h3-29=\":443\"; ma=2592000,h3-T051=\":443\"; ma=2592000,h3-Q050=\":443\"; ma=2592000,h3-Q046=\":443\"; ma=2592000,h3-Q043=\":443\"; ma=2592000,quic=\":443\"; ma=2592000; v=\"46,43\"","accept-ranges":"none","transfer-encoding":"chunked"}
[debug] [2021-06-08T13:31:43.419Z] >>> [apiv2][query] GET https://firebase.googleapis.com/v1beta1/projects/clone2-f0a7a/adminSdkConfig [none]
[debug] [2021-06-08T13:31:44.028Z] <<< [apiv2][status] GET https://firebase.googleapis.com/v1beta1/projects/clone2-f0a7a/adminSdkConfig 200
[debug] [2021-06-08T13:31:44.028Z] <<< [apiv2][body] GET https://firebase.googleapis.com/v1beta1/projects/clone2-f0a7a/adminSdkConfig {"projectId":"clone2-f0a7a","storageBucket":"clone2-f0a7a.appspot.com"}
[debug] [2021-06-08T13:31:44.043Z] >>> [apiv2][query] GET https://firebasehosting.googleapis.com/v1beta1/projects/clone2-f0a7a/sites 
[debug] [2021-06-08T13:31:45.782Z] <<< [apiv2][status] GET https://firebasehosting.googleapis.com/v1beta1/projects/clone2-f0a7a/sites 200
[debug] [2021-06-08T13:31:45.782Z] <<< [apiv2][body] GET https://firebasehosting.googleapis.com/v1beta1/projects/clone2-f0a7a/sites {"sites":[{"name":"projects/155346382111/sites/clone2-f0a7a","defaultUrl":"https://clone2-f0a7a.web.app","appId":"1:155346382111:web:0746e45aea3e856997d42a","type":"DEFAULT_SITE"}]}
[debug] [2021-06-08T13:31:45.784Z] >>> [apiv2][query] GET https://firebase.googleapis.com/v1beta1/projects/clone2-f0a7a/webApps/1:155346382111:web:0746e45aea3e856997d42a/config [none]
[debug] [2021-06-08T13:31:47.107Z] <<< [apiv2][status] GET https://firebase.googleapis.com/v1beta1/projects/clone2-f0a7a/webApps/1:155346382111:web:0746e45aea3e856997d42a/config 200
[debug] [2021-06-08T13:31:47.108Z] <<< [apiv2][body] GET https://firebase.googleapis.com/v1beta1/projects/clone2-f0a7a/webApps/1:155346382111:web:0746e45aea3e856997d42a/config {"projectId":"clone2-f0a7a","appId":"1:155346382111:web:0746e45aea3e856997d42a","storageBucket":"clone2-f0a7a.appspot.com","apiKey":"AIzaSyAsskAtA1olI5MNKlm8dxQvgtot-qeM2RU","authDomain":"clone2-f0a7a.firebaseapp.com","messagingSenderId":"155346382111","measurementId":"G-HXR0KZBWMY"}
[info] i  hosting: Serving hosting files from: build {"metadata":{"emulator":{"name":"hosting"},"message":"Serving hosting files from: \u001b[1mbuild\u001b[22m"}}
[info] +  hosting: Local server: http://localhost:5000 {"metadata":{"emulator":{"name":"hosting"},"message":"Local server: \u001b[4m\u001b[1mhttp://localhost:5000\u001b[22m\u001b[24m"}}
[debug] [2021-06-08T13:31:47.142Z] Ignoring unsupported arg: auto_download {"metadata":{"emulator":{"name":"ui"},"message":"Ignoring unsupported arg: auto_download"}}
[debug] [2021-06-08T13:31:47.143Z] Ignoring unsupported arg: port {"metadata":{"emulator":{"name":"ui"},"message":"Ignoring unsupported arg: port"}}
[debug] [2021-06-08T13:31:47.143Z] Starting Emulator UI with command {"binary":"node","args":["C:\\Users\\GIRISH\\.cache\\firebase\\emulators\\ui-v1.5.0\\server.bundle.js"],"optionalArgs":[],"joinArgs":false} {"metadata":{"emulator":{"name":"ui"},"message":"Starting Emulator UI with command {\"binary\":\"node\",\"args\":[\"C:\\\\Users\\\\GIRISH\\\\.cache\\\\firebase\\\\emulators\\\\ui-v1.5.0\\\\server.bundle.js\"],\"optionalArgs\":[],\"joinArgs\":false}"}}
[info] i  ui: Emulator UI logging to ui-debug.log {"metadata":{"emulator":{"name":"ui"},"message":"Emulator UI logging to \u001b[1mui-debug.log\u001b[22m"}}
[debug] [2021-06-08T13:31:47.300Z] Web / API server started at http://localhost:4000
 {"metadata":{"emulator":{"name":"ui"},"message":"Web / API server started at http://localhost:4000\n"}}
[info] i  functions: Watching "F:\AMAZON-CLONE\amazon-clone\functions" for Cloud Functions... {"metadata":{"emulator":{"name":"functions"},"message":"Watching \"F:\\AMAZON-CLONE\\amazon-clone\\functions\" for Cloud Functions..."}}
[debug] [2021-06-08T13:31:47.436Z] [worker-pool] addWorker(~diagnostic~) {"metadata":{"emulator":{"name":"functions"},"message":"[worker-pool] addWorker(~diagnostic~)"}}
[debug] [2021-06-08T13:31:47.436Z] [worker-pool] Adding worker with key ~diagnostic~, total=1 {"metadata":{"emulator":{"name":"functions"},"message":"[worker-pool] Adding worker with key ~diagnostic~, total=1"}}
[debug] [2021-06-08T13:31:47.437Z] [worker-pool] submitWork(triggerId=) {"metadata":{"emulator":{"name":"functions"},"message":"[worker-pool] submitWork(triggerId=)"}}
[debug] [2021-06-08T13:31:47.438Z] [worker-~diagnostic~-8fc2462f-8de2-424c-a9e4-02a90a020b0c]: Assigning socketPath: \\?\pipe\F:\AMAZON-CLONE\amazon-clone\functions\912 {"metadata":{"emulator":{"name":"functions"},"message":"[worker-~diagnostic~-8fc2462f-8de2-424c-a9e4-02a90a020b0c]: Assigning socketPath: \\\\?\\pipe\\F:\\AMAZON-CLONE\\amazon-clone\\functions\\912"}}
[debug] [2021-06-08T13:31:47.440Z] [worker-~diagnostic~-8fc2462f-8de2-424c-a9e4-02a90a020b0c]: BUSY {"metadata":{"emulator":{"name":"functions"},"message":"[worker-~diagnostic~-8fc2462f-8de2-424c-a9e4-02a90a020b0c]: BUSY"}}
[debug] [2021-06-08T13:31:47.659Z] [runtime-status] [912] Functions runtime initialized. {"cwd":"F:\\AMAZON-CLONE\\amazon-clone\\functions","node_version":"14.16.1"} {"metadata":{"emulator":{"name":"functions"},"message":"[runtime-status] [912] Functions runtime initialized. {\"cwd\":\"F:\\\\AMAZON-CLONE\\\\amazon-clone\\\\functions\",\"node_version\":\"14.16.1\"}"}}
[debug] [2021-06-08T13:31:47.660Z] [runtime-status] [912] Disabled runtime features: undefined {"metadata":{"emulator":{"name":"functions"},"message":"[runtime-status] [912] Disabled runtime features: undefined"}}
[debug] [2021-06-08T13:31:47.663Z] [runtime-status] [912] Resolved module firebase-admin {"declared":true,"installed":true,"version":"9.9.0","resolution":"F:\\AMAZON-CLONE\\amazon-clone\\functions\\node_modules\\firebase-admin\\lib\\index.js"} {"metadata":{"emulator":{"name":"functions"},"message":"[runtime-status] [912] Resolved module firebase-admin {\"declared\":true,\"installed\":true,\"version\":\"9.9.0\",\"resolution\":\"F:\\\\AMAZON-CLONE\\\\amazon-clone\\\\functions\\\\node_modules\\\\firebase-admin\\\\lib\\\\index.js\"}"}}
[debug] [2021-06-08T13:31:47.664Z] [runtime-status] [912] Resolved module firebase-functions {"declared":true,"installed":true,"version":"3.14.1","resolution":"F:\\AMAZON-CLONE\\amazon-clone\\functions\\node_modules\\firebase-functions\\lib\\index.js"} {"metadata":{"emulator":{"name":"functions"},"message":"[runtime-status] [912] Resolved module firebase-functions {\"declared\":true,\"installed\":true,\"version\":\"3.14.1\",\"resolution\":\"F:\\\\AMAZON-CLONE\\\\amazon-clone\\\\functions\\\\node_modules\\\\firebase-functions\\\\lib\\\\index.js\"}"}}
[debug] [2021-06-08T13:31:47.666Z] [runtime-status] [912] Resolved module firebase-functions {"declared":true,"installed":true,"version":"3.14.1","resolution":"F:\\AMAZON-CLONE\\amazon-clone\\functions\\node_modules\\firebase-functions\\lib\\index.js"} {"metadata":{"emulator":{"name":"functions"},"message":"[runtime-status] [912] Resolved module firebase-functions {\"declared\":true,\"installed\":true,\"version\":\"3.14.1\",\"resolution\":\"F:\\\\AMAZON-CLONE\\\\amazon-clone\\\\functions\\\\node_modules\\\\firebase-functions\\\\lib\\\\index.js\"}"}}
[debug] [2021-06-08T13:31:47.668Z] [runtime-status] [912] Outgoing network have been stubbed. [{"name":"http","status":"mocked"},{"name":"http","status":"mocked"},{"name":"https","status":"mocked"},{"name":"https","status":"mocked"},{"name":"net","status":"mocked"}] {"metadata":{"emulator":{"name":"functions"},"message":"[runtime-status] [912] Outgoing network have been stubbed. [{\"name\":\"http\",\"status\":\"mocked\"},{\"name\":\"http\",\"status\":\"mocked\"},{\"name\":\"https\",\"status\":\"mocked\"},{\"name\":\"https\",\"status\":\"mocked\"},{\"name\":\"net\",\"status\":\"mocked\"}]"}}
[debug] [2021-06-08T13:31:47.669Z] [runtime-status] [912] Resolved module firebase-functions {"declared":true,"installed":true,"version":"3.14.1","resolution":"F:\\AMAZON-CLONE\\amazon-clone\\functions\\node_modules\\firebase-functions\\lib\\index.js"} {"metadata":{"emulator":{"name":"functions"},"message":"[runtime-status] [912] Resolved module firebase-functions {\"declared\":true,\"installed\":true,\"version\":\"3.14.1\",\"resolution\":\"F:\\\\AMAZON-CLONE\\\\amazon-clone\\\\functions\\\\node_modules\\\\firebase-functions\\\\lib\\\\index.js\"}"}}
[debug] [2021-06-08T13:31:47.735Z] [runtime-status] [912] Checked functions.config() {"config":{}} {"metadata":{"emulator":{"name":"functions"},"message":"[runtime-status] [912] Checked functions.config() {\"config\":{}}"}}
[debug] [2021-06-08T13:31:47.735Z] [runtime-status] [912] firebase-functions has been stubbed. {"functionsResolution":{"declared":true,"installed":true,"version":"3.14.1","resolution":"F:\\AMAZON-CLONE\\amazon-clone\\functions\\node_modules\\firebase-functions\\lib\\index.js"}} {"metadata":{"emulator":{"name":"functions"},"message":"[runtime-status] [912] firebase-functions has been stubbed. {\"functionsResolution\":{\"declared\":true,\"installed\":true,\"version\":\"3.14.1\",\"resolution\":\"F:\\\\AMAZON-CLONE\\\\amazon-clone\\\\functions\\\\node_modules\\\\firebase-functions\\\\lib\\\\index.js\"}}"}}
[debug] [2021-06-08T13:31:47.736Z] [runtime-status] [912] Resolved module firebase-functions {"declared":true,"installed":true,"version":"3.14.1","resolution":"F:\\AMAZON-CLONE\\amazon-clone\\functions\\node_modules\\firebase-functions\\lib\\index.js"} {"metadata":{"emulator":{"name":"functions"},"message":"[runtime-status] [912] Resolved module firebase-functions {\"declared\":true,\"installed\":true,\"version\":\"3.14.1\",\"resolution\":\"F:\\\\AMAZON-CLONE\\\\amazon-clone\\\\functions\\\\node_modules\\\\firebase-functions\\\\lib\\\\index.js\"}"}}
[debug] [2021-06-08T13:31:47.737Z] [runtime-status] [912] Resolved module firebase-admin {"declared":true,"installed":true,"version":"9.9.0","resolution":"F:\\AMAZON-CLONE\\amazon-clone\\functions\\node_modules\\firebase-admin\\lib\\index.js"} {"metadata":{"emulator":{"name":"functions"},"message":"[runtime-status] [912] Resolved module firebase-admin {\"declared\":true,\"installed\":true,\"version\":\"9.9.0\",\"resolution\":\"F:\\\\AMAZON-CLONE\\\\amazon-clone\\\\functions\\\\node_modules\\\\firebase-admin\\\\lib\\\\index.js\"}"}}
[debug] [2021-06-08T13:31:47.738Z] [runtime-status] [912] Resolved module firebase-functions {"declared":true,"installed":true,"version":"3.14.1","resolution":"F:\\AMAZON-CLONE\\amazon-clone\\functions\\node_modules\\firebase-functions\\lib\\index.js"} {"metadata":{"emulator":{"name":"functions"},"message":"[runtime-status] [912] Resolved module firebase-functions {\"declared\":true,\"installed\":true,\"version\":\"3.14.1\",\"resolution\":\"F:\\\\AMAZON-CLONE\\\\amazon-clone\\\\functions\\\\node_modules\\\\firebase-functions\\\\lib\\\\index.js\"}"}}
[debug] [2021-06-08T13:31:47.739Z] [runtime-status] [912] firebase-admin has been stubbed. {"adminResolution":{"declared":true,"installed":true,"version":"9.9.0","resolution":"F:\\AMAZON-CLONE\\amazon-clone\\functions\\node_modules\\firebase-admin\\lib\\index.js"}} {"metadata":{"emulator":{"name":"functions"},"message":"[runtime-status] [912] firebase-admin has been stubbed. {\"adminResolution\":{\"declared\":true,\"installed\":true,\"version\":\"9.9.0\",\"resolution\":\"F:\\\\AMAZON-CLONE\\\\amazon-clone\\\\functions\\\\node_modules\\\\firebase-admin\\\\lib\\\\index.js\"}}"}}
[info] +  functions[us-central1-api]: http function initialized (http://localhost:5001/clone2-f0a7a/us-central1/api). {"metadata":{"emulator":{"name":"functions"},"message":"\u001b[1mhttp\u001b[22m function initialized (http://localhost:5001/clone2-f0a7a/us-central1/api)."}}
[info] 
┌─────────────────────────────────────────────────────────────┐
│ ✔  All emulators ready! It is now safe to connect your app. │
│ i  View Emulator UI at http://localhost:4000                │
└─────────────────────────────────────────────────────────────┘

┌───────────┬────────────────┬─────────────────────────────────┐
│ Emulator  │ Host:Port      │ View in Emulator UI             │
├───────────┼────────────────┼─────────────────────────────────┤
│ Functions │ localhost:5001 │ http://localhost:4000/functions │
├───────────┼────────────────┼─────────────────────────────────┤
│ Hosting   │ localhost:5000 │ n/a                             │
└───────────┴────────────────┴─────────────────────────────────┘
  Emulator Hub running at localhost:4400
  Other reserved ports: 4500

Issues? Report them at https://github.com/firebase/firebase-tools/issues and attach the *-debug.log files.
 
[debug] [2021-06-08T13:31:47.971Z] [worker-~diagnostic~-8fc2462f-8de2-424c-a9e4-02a90a020b0c]: IDLE {"metadata":{"emulator":{"name":"functions"},"message":"[worker-~diagnostic~-8fc2462f-8de2-424c-a9e4-02a90a020b0c]: IDLE"}}
[debug] [2021-06-08T13:33:33.974Z] [work-queue] {"queueLength":1,"workRunningCount":0}
[debug] [2021-06-08T13:33:33.975Z] [work-queue] {"queueLength":0,"workRunningCount":1}
[debug] [2021-06-08T13:33:33.977Z] Accepted request POST /clone2-f0a7a/us-central1/api/payments/create?total=23900 --> us-central1-api
[debug] [2021-06-08T13:33:33.995Z] [worker-pool] addWorker(us-central1-api) {"metadata":{"emulator":{"name":"functions"},"message":"[worker-pool] addWorker(us-central1-api)"}}
[debug] [2021-06-08T13:33:33.996Z] [worker-pool] Adding worker with key us-central1-api, total=1 {"metadata":{"emulator":{"name":"functions"},"message":"[worker-pool] Adding worker with key us-central1-api, total=1"}}
[debug] [2021-06-08T13:33:33.996Z] [worker-pool] submitWork(triggerId=us-central1-api) {"metadata":{"emulator":{"name":"functions"},"message":"[worker-pool] submitWork(triggerId=us-central1-api)"}}
[debug] [2021-06-08T13:33:33.996Z] [worker-us-central1-api-71b580c7-65cd-4296-8cc7-728c1986d328]: Assigning socketPath: \\?\pipe\F:\AMAZON-CLONE\amazon-clone\functions\29488 {"metadata":{"emulator":{"name":"functions"},"message":"[worker-us-central1-api-71b580c7-65cd-4296-8cc7-728c1986d328]: Assigning socketPath: \\\\?\\pipe\\F:\\AMAZON-CLONE\\amazon-clone\\functions\\29488"}}
[debug] [2021-06-08T13:33:33.996Z] [worker-us-central1-api-71b580c7-65cd-4296-8cc7-728c1986d328]: BUSY {"metadata":{"emulator":{"name":"functions"},"message":"[worker-us-central1-api-71b580c7-65cd-4296-8cc7-728c1986d328]: BUSY"}}
[debug] [2021-06-08T13:33:34.422Z] [runtime-status] [29488] Functions runtime initialized. {"cwd":"F:\\AMAZON-CLONE\\amazon-clone\\functions","node_version":"14.16.1"} {"metadata":{"emulator":{"name":"functions"},"function":{"name":"us-central1-api"},"message":"[runtime-status] [29488] Functions runtime initialized. {\"cwd\":\"F:\\\\AMAZON-CLONE\\\\amazon-clone\\\\functions\",\"node_version\":\"14.16.1\"}"}}
[debug] [2021-06-08T13:33:34.425Z] [runtime-status] [29488] Disabled runtime features: undefined {"metadata":{"emulator":{"name":"functions"},"function":{"name":"us-central1-api"},"message":"[runtime-status] [29488] Disabled runtime features: undefined"}}
[debug] [2021-06-08T13:33:34.428Z] [runtime-status] [29488] Resolved module firebase-admin {"declared":true,"installed":true,"version":"9.9.0","resolution":"F:\\AMAZON-CLONE\\amazon-clone\\functions\\node_modules\\firebase-admin\\lib\\index.js"} {"metadata":{"emulator":{"name":"functions"},"function":{"name":"us-central1-api"},"message":"[runtime-status] [29488] Resolved module firebase-admin {\"declared\":true,\"installed\":true,\"version\":\"9.9.0\",\"resolution\":\"F:\\\\AMAZON-CLONE\\\\amazon-clone\\\\functions\\\\node_modules\\\\firebase-admin\\\\lib\\\\index.js\"}"}}
[debug] [2021-06-08T13:33:34.431Z] [runtime-status] [29488] Resolved module firebase-functions {"declared":true,"installed":true,"version":"3.14.1","resolution":"F:\\AMAZON-CLONE\\amazon-clone\\functions\\node_modules\\firebase-functions\\lib\\index.js"} {"metadata":{"emulator":{"name":"functions"},"function":{"name":"us-central1-api"},"message":"[runtime-status] [29488] Resolved module firebase-functions {\"declared\":true,\"installed\":true,\"version\":\"3.14.1\",\"resolution\":\"F:\\\\AMAZON-CLONE\\\\amazon-clone\\\\functions\\\\node_modules\\\\firebase-functions\\\\lib\\\\index.js\"}"}}
[debug] [2021-06-08T13:33:34.434Z] [runtime-status] [29488] Resolved module firebase-functions {"declared":true,"installed":true,"version":"3.14.1","resolution":"F:\\AMAZON-CLONE\\amazon-clone\\functions\\node_modules\\firebase-functions\\lib\\index.js"} {"metadata":{"emulator":{"name":"functions"},"function":{"name":"us-central1-api"},"message":"[runtime-status] [29488] Resolved module firebase-functions {\"declared\":true,\"installed\":true,\"version\":\"3.14.1\",\"resolution\":\"F:\\\\AMAZON-CLONE\\\\amazon-clone\\\\functions\\\\node_modules\\\\firebase-functions\\\\lib\\\\index.js\"}"}}
[debug] [2021-06-08T13:33:34.437Z] [runtime-status] [29488] Outgoing network have been stubbed. [{"name":"http","status":"mocked"},{"name":"http","status":"mocked"},{"name":"https","status":"mocked"},{"name":"https","status":"mocked"},{"name":"net","status":"mocked"}] {"metadata":{"emulator":{"name":"functions"},"function":{"name":"us-central1-api"},"message":"[runtime-status] [29488] Outgoing network have been stubbed. [{\"name\":\"http\",\"status\":\"mocked\"},{\"name\":\"http\",\"status\":\"mocked\"},{\"name\":\"https\",\"status\":\"mocked\"},{\"name\":\"https\",\"status\":\"mocked\"},{\"name\":\"net\",\"status\":\"mocked\"}]"}}
[debug] [2021-06-08T13:33:34.438Z] [runtime-status] [29488] Resolved module firebase-functions {"declared":true,"installed":true,"version":"3.14.1","resolution":"F:\\AMAZON-CLONE\\amazon-clone\\functions\\node_modules\\firebase-functions\\lib\\index.js"} {"metadata":{"emulator":{"name":"functions"},"function":{"name":"us-central1-api"},"message":"[runtime-status] [29488] Resolved module firebase-functions {\"declared\":true,\"installed\":true,\"version\":\"3.14.1\",\"resolution\":\"F:\\\\AMAZON-CLONE\\\\amazon-clone\\\\functions\\\\node_modules\\\\firebase-functions\\\\lib\\\\index.js\"}"}}
[debug] [2021-06-08T13:33:34.516Z] [runtime-status] [29488] Checked functions.config() {"config":{}} {"metadata":{"emulator":{"name":"functions"},"function":{"name":"us-central1-api"},"message":"[runtime-status] [29488] Checked functions.config() {\"config\":{}}"}}
[debug] [2021-06-08T13:33:34.517Z] [runtime-status] [29488] firebase-functions has been stubbed. {"functionsResolution":{"declared":true,"installed":true,"version":"3.14.1","resolution":"F:\\AMAZON-CLONE\\amazon-clone\\functions\\node_modules\\firebase-functions\\lib\\index.js"}} {"metadata":{"emulator":{"name":"functions"},"function":{"name":"us-central1-api"},"message":"[runtime-status] [29488] firebase-functions has been stubbed. {\"functionsResolution\":{\"declared\":true,\"installed\":true,\"version\":\"3.14.1\",\"resolution\":\"F:\\\\AMAZON-CLONE\\\\amazon-clone\\\\functions\\\\node_modules\\\\firebase-functions\\\\lib\\\\index.js\"}}"}}
[debug] [2021-06-08T13:33:34.517Z] [runtime-status] [29488] Resolved module firebase-functions {"declared":true,"installed":true,"version":"3.14.1","resolution":"F:\\AMAZON-CLONE\\amazon-clone\\functions\\node_modules\\firebase-functions\\lib\\index.js"} {"metadata":{"emulator":{"name":"functions"},"function":{"name":"us-central1-api"},"message":"[runtime-status] [29488] Resolved module firebase-functions {\"declared\":true,\"installed\":true,\"version\":\"3.14.1\",\"resolution\":\"F:\\\\AMAZON-CLONE\\\\amazon-clone\\\\functions\\\\node_modules\\\\firebase-functions\\\\lib\\\\index.js\"}"}}
[debug] [2021-06-08T13:33:34.518Z] [runtime-status] [29488] Resolved module firebase-admin {"declared":true,"installed":true,"version":"9.9.0","resolution":"F:\\AMAZON-CLONE\\amazon-clone\\functions\\node_modules\\firebase-admin\\lib\\index.js"} {"metadata":{"emulator":{"name":"functions"},"function":{"name":"us-central1-api"},"message":"[runtime-status] [29488] Resolved module firebase-admin {\"declared\":true,\"installed\":true,\"version\":\"9.9.0\",\"resolution\":\"F:\\\\AMAZON-CLONE\\\\amazon-clone\\\\functions\\\\node_modules\\\\firebase-admin\\\\lib\\\\index.js\"}"}}
[debug] [2021-06-08T13:33:34.519Z] [runtime-status] [29488] Resolved module firebase-functions {"declared":true,"installed":true,"version":"3.14.1","resolution":"F:\\AMAZON-CLONE\\amazon-clone\\functions\\node_modules\\firebase-functions\\lib\\index.js"} {"metadata":{"emulator":{"name":"functions"},"function":{"name":"us-central1-api"},"message":"[runtime-status] [29488] Resolved module firebase-functions {\"declared\":true,\"installed\":true,\"version\":\"3.14.1\",\"resolution\":\"F:\\\\AMAZON-CLONE\\\\amazon-clone\\\\functions\\\\node_modules\\\\firebase-functions\\\\lib\\\\index.js\"}"}}
[debug] [2021-06-08T13:33:34.519Z] [runtime-status] [29488] firebase-admin has been stubbed. {"adminResolution":{"declared":true,"installed":true,"version":"9.9.0","resolution":"F:\\AMAZON-CLONE\\amazon-clone\\functions\\node_modules\\firebase-admin\\lib\\index.js"}} {"metadata":{"emulator":{"name":"functions"},"function":{"name":"us-central1-api"},"message":"[runtime-status] [29488] firebase-admin has been stubbed. {\"adminResolution\":{\"declared\":true,\"installed\":true,\"version\":\"9.9.0\",\"resolution\":\"F:\\\\AMAZON-CLONE\\\\amazon-clone\\\\functions\\\\node_modules\\\\firebase-admin\\\\lib\\\\index.js\"}}"}}
[debug] [2021-06-08T13:33:34.710Z] [runtime-status] [29488] Trigger "us-central1-api" has been found, beginning invocation! {"metadata":{"emulator":{"name":"functions"},"function":{"name":"us-central1-api"},"message":"[runtime-status] [29488] Trigger \"us-central1-api\" has been found, beginning invocation!"}}
[info] i  functions: Beginning execution of "us-central1-api" {"metadata":{"emulator":{"name":"functions"},"function":{"name":"us-central1-api"},"message":"Beginning execution of \"us-central1-api\""}}
[debug] [2021-06-08T13:33:34.712Z] [runtime-status] [29488] triggerDefinition {"httpsTrigger":{},"name":"api","entryPoint":"api","regions":["us-central1"],"region":"us-central1","id":"us-central1-api"} {"metadata":{"emulator":{"name":"functions"},"function":{"name":"us-central1-api"},"message":"[runtime-status] [29488] triggerDefinition {\"httpsTrigger\":{},\"name\":\"api\",\"entryPoint\":\"api\",\"regions\":[\"us-central1\"],\"region\":\"us-central1\",\"id\":\"us-central1-api\"}"}}
[debug] [2021-06-08T13:33:34.712Z] [runtime-status] [29488] Running us-central1-api in mode HTTPS {"metadata":{"emulator":{"name":"functions"},"function":{"name":"us-central1-api"},"message":"[runtime-status] [29488] Running us-central1-api in mode HTTPS"}}
[debug] [2021-06-08T13:33:34.714Z] [runtime-status] [29488] Attempting to listen to socketPath: \\?\pipe\F:\AMAZON-CLONE\amazon-clone\functions\29488 {"metadata":{"emulator":{"name":"functions"},"function":{"name":"us-central1-api"},"message":"[runtime-status] [29488] Attempting to listen to socketPath: \\\\?\\pipe\\F:\\AMAZON-CLONE\\amazon-clone\\functions\\29488"}}
[debug] [2021-06-08T13:33:34.717Z] [functions] Runtime ready! Sending request! {"metadata":{"emulator":{"name":"functions"},"message":"[functions] Runtime ready! Sending request!"}}
[debug] [2021-06-08T13:33:34.718Z] [functions] Got req.url=/clone2-f0a7a/us-central1/api/payments/create?total=23900, mapping to path=/payments/create?total=23900 {"metadata":{"emulator":{"name":"functions"},"message":"[functions] Got req.url=/clone2-f0a7a/us-central1/api/payments/create?total=23900, mapping to path=/payments/create?total=23900"}}
[debug] [2021-06-08T13:33:34.729Z] [runtime-status] [29488] Ephemeral server handling POST request {"metadata":{"emulator":{"name":"functions"},"function":{"name":"us-central1-api"},"message":"[runtime-status] [29488] Ephemeral server handling POST request"}}
[info] >  Payment Request Recieved BOOM!!! for this amount >>>  23900 {"user":"Payment Request Recieved BOOM!!! for this amount >>>  23900","metadata":{"emulator":{"name":"functions"},"function":{"name":"us-central1-api"},"message":"\u001b[90m> \u001b[39m Payment Request Recieved BOOM!!! for this amount >>>  23900"}}
[debug] [2021-06-08T13:33:34.744Z] [runtime-status] [29488] Ephemeral server survived. {"metadata":{"emulator":{"name":"functions"},"function":{"name":"us-central1-api"},"message":"[runtime-status] [29488] Ephemeral server survived."}}
[info] i  functions: Finished "us-central1-api" in ~1s {"metadata":{"emulator":{"name":"functions"},"function":{"name":"us-central1-api"},"message":"Finished \"us-central1-api\" in ~1s"}}
[debug] [2021-06-08T13:33:35.496Z] [worker-us-central1-api-71b580c7-65cd-4296-8cc7-728c1986d328]: IDLE {"metadata":{"emulator":{"name":"functions"},"message":"[worker-us-central1-api-71b580c7-65cd-4296-8cc7-728c1986d328]: IDLE"}}
[debug] [2021-06-08T13:33:35.497Z] [work-queue] {"queueLength":0,"workRunningCount":0}
